This file contains any messages produced by compilers while
running configure, to aid debugging if configure makes a mistake.

It was created by chadwick configure 0.7.1, which was
generated by GNU Autoconf 2.69.  Invocation command line was

  $ ./configure 

## --------- ##
## Platform. ##
## --------- ##

hostname = Benjamins-MacBook-Pro.local
uname -m = arm64
uname -r = 21.0.1
uname -s = Darwin
uname -v = Darwin Kernel Version 21.0.1: Tue Sep 14 20:56:24 PDT 2021; root:xnu-8019.30.61~4/RELEASE_ARM64_T6000

/usr/bin/uname -p = arm
/bin/uname -X     = unknown

/bin/arch              = unknown
/usr/bin/arch -k       = unknown
/usr/convex/getsysinfo = unknown
/usr/bin/hostinfo      = Mach kernel version:
	 Darwin Kernel Version 21.0.1: Tue Sep 14 20:56:24 PDT 2021; root:xnu-8019.30.61~4/RELEASE_ARM64_T6000
Kernel configured for up to 8 processors.
8 processors are physically available.
8 processors are logically available.
Processor type: arm64e (ARM64E)
Processors active: 0 1 2 3 4 5 6 7
Primary memory available: 16.00 gigabytes
Default processor set: 635 tasks, 3301 threads, 8 processors
Load average: 1.75, Mach factor: 6.23
/bin/machine           = unknown
/usr/bin/oslevel       = unknown
/bin/universe          = unknown

PATH: /Users/benspotswood/.rvm/gems/ruby-2.6.8/bin
PATH: /Users/benspotswood/.rvm/gems/ruby-2.6.8@global/bin
PATH: /Users/benspotswood/.rvm/rubies/ruby-2.6.8/bin
PATH: /bin
PATH: /Users/benspotswood/.rvm/bin
PATH: /opt/homebrew/bin
PATH: /opt/homebrew/sbin
PATH: /usr/local/bin
PATH: /usr/bin
PATH: /bin
PATH: /usr/sbin
PATH: /sbin


## ----------- ##
## Core tests. ##
## ----------- ##

configure:2269: checking for a BSD-compatible install
configure:2337: result: /opt/homebrew/bin/ginstall -c
configure:2348: checking whether build environment is sane
configure:2403: result: yes
configure:2441: WARNING: 'missing' script is too old or missing
configure:2554: checking for a thread-safe mkdir -p
configure:2593: result: /opt/homebrew/bin/gmkdir -p
configure:2600: checking for gawk
configure:2630: result: no
configure:2600: checking for mawk
configure:2630: result: no
configure:2600: checking for nawk
configure:2630: result: no
configure:2600: checking for awk
configure:2616: found /usr/bin/awk
configure:2627: result: awk
configure:2638: checking whether make sets $(MAKE)
configure:2660: result: yes
configure:2689: checking whether make supports nested variables
configure:2706: result: yes
configure:2881: checking for gcc
configure:2897: found /usr/bin/gcc
configure:2908: result: gcc
configure:3137: checking for C compiler version
configure:3146: gcc --version >&5
Apple clang version 13.0.0 (clang-1300.0.29.3)
Target: arm64-apple-darwin21.0.1
Thread model: posix
InstalledDir: /Library/Developer/CommandLineTools/usr/bin
Configured with: --prefix=/Library/Developer/CommandLineTools/usr --with-gxx-include-dir=/Library/Developer/CommandLineTools/SDKs/MacOSX.sdk/usr/include/c++/4.2.1
configure:3157: $? = 0
configure:3146: gcc -v >&5
Configured with: --prefix=/Library/Developer/CommandLineTools/usr --with-gxx-include-dir=/Library/Developer/CommandLineTools/SDKs/MacOSX.sdk/usr/include/c++/4.2.1
Apple clang version 13.0.0 (clang-1300.0.29.3)
Target: arm64-apple-darwin21.0.1
Thread model: posix
InstalledDir: /Library/Developer/CommandLineTools/usr/bin
configure:3157: $? = 0
configure:3146: gcc -V >&5
clang: error: argument to '-V' is missing (expected 1 value)
clang: error: no input files
configure:3157: $? = 1
configure:3146: gcc -qversion >&5
clang: error: unknown argument '-qversion'; did you mean '--version'?
clang: error: no input files
configure:3157: $? = 1
configure:3177: checking whether the C compiler works
configure:3199: gcc    conftest.c  >&5
configure:3203: $? = 0
configure:3251: result: yes
configure:3254: checking for C compiler default output file name
configure:3256: result: a.out
configure:3262: checking for suffix of executables
configure:3269: gcc -o conftest    conftest.c  >&5
configure:3273: $? = 0
configure:3295: result: 
configure:3317: checking whether we are cross compiling
configure:3325: gcc -o conftest    conftest.c  >&5
configure:3329: $? = 0
configure:3336: ./conftest
configure:3340: $? = 0
configure:3355: result: no
configure:3360: checking for suffix of object files
configure:3382: gcc -c   conftest.c >&5
configure:3386: $? = 0
configure:3407: result: o
configure:3411: checking whether we are using the GNU C compiler
configure:3430: gcc -c   conftest.c >&5
configure:3430: $? = 0
configure:3439: result: yes
configure:3448: checking whether gcc accepts -g
configure:3468: gcc -c -g  conftest.c >&5
configure:3468: $? = 0
configure:3509: result: yes
configure:3526: checking for gcc option to accept ISO C89
configure:3589: gcc  -c -g -O2  conftest.c >&5
configure:3589: $? = 0
configure:3602: result: none needed
configure:3627: checking whether gcc understands -c and -o together
configure:3649: gcc -c conftest.c -o conftest2.o
configure:3652: $? = 0
configure:3649: gcc -c conftest.c -o conftest2.o
configure:3652: $? = 0
configure:3664: result: yes
configure:3692: checking for style of include used by make
configure:3720: result: GNU
configure:3746: checking dependency style of gcc
configure:3857: result: gcc3
configure:3901: checking build system type
configure:3915: result: arm-apple-darwin21.0.1
configure:3935: checking host system type
configure:3948: result: arm-apple-darwin21.0.1
configure:3989: checking how to print strings
configure:4016: result: printf
configure:4037: checking for a sed that does not truncate output
configure:4101: result: /usr/bin/sed
configure:4119: checking for grep that handles long lines and -e
configure:4177: result: /usr/bin/grep
configure:4182: checking for egrep
configure:4244: result: /usr/bin/grep -E
configure:4249: checking for fgrep
configure:4311: result: /usr/bin/grep -F
configure:4346: checking for ld used by gcc
configure:4413: result: /Library/Developer/CommandLineTools/usr/bin/ld
configure:4420: checking if the linker (/Library/Developer/CommandLineTools/usr/bin/ld) is GNU ld
configure:4435: result: no
configure:4447: checking for BSD- or MS-compatible name lister (nm)
configure:4501: result: /usr/bin/nm -B
configure:4631: checking the name lister (/usr/bin/nm -B) interface
configure:4638: gcc -c -g -O2  conftest.c >&5
configure:4641: /usr/bin/nm -B "conftest.o"
configure:4644: output
0000000000000228 S _some_variable
0000000000000000 t ltmp0
0000000000000228 s ltmp1
configure:4651: result: BSD nm
configure:4654: checking whether ln -s works
configure:4658: result: yes
configure:4666: checking the maximum length of command line arguments
configure:4797: result: 786432
configure:4845: checking how to convert arm-apple-darwin21.0.1 file names to arm-apple-darwin21.0.1 format
configure:4885: result: func_convert_file_noop
configure:4892: checking how to convert arm-apple-darwin21.0.1 file names to toolchain format
configure:4912: result: func_convert_file_noop
configure:4919: checking for /Library/Developer/CommandLineTools/usr/bin/ld option to reload object files
configure:4926: result: -r
configure:5000: checking for objdump
configure:5016: found /usr/bin/objdump
configure:5027: result: objdump
configure:5059: checking how to recognize dependent libraries
configure:5259: result: pass_all
configure:5344: checking for dlltool
configure:5374: result: no
configure:5404: checking how to associate runtime and link libraries
configure:5431: result: printf %s\n
configure:5492: checking for ar
configure:5508: found /usr/bin/ar
configure:5519: result: ar
configure:5556: checking for archiver @FILE support
configure:5573: gcc -c -g -O2  conftest.c >&5
configure:5573: $? = 0
configure:5576: ar cru libconftest.a @conftest.lst >&5
ar: @conftest.lst: No such file or directory
configure:5579: $? = 1
configure:5599: result: no
configure:5657: checking for strip
configure:5673: found /usr/bin/strip
configure:5684: result: strip
configure:5756: checking for ranlib
configure:5772: found /usr/bin/ranlib
configure:5783: result: ranlib
configure:5885: checking command to parse /usr/bin/nm -B output from gcc object
configure:6038: gcc -c -g -O2  conftest.c >&5
configure:6041: $? = 0
configure:6045: /usr/bin/nm -B conftest.o \| sed -n -e 's/^.*[ ]\([BCDEGRST][BCDEGRST]*\)[ ][ ]*\([_A-Za-z][_A-Za-z0-9]*\)$/\1 \2 \2/p' | sed '/ __gnu_lto/d' \> conftest.nm
configure:6048: $? = 0
cannot find nm_test_var in conftest.nm
configure:6038: gcc -c -g -O2  conftest.c >&5
configure:6041: $? = 0
configure:6045: /usr/bin/nm -B conftest.o \| sed -n -e 's/^.*[ ]\([BCDEGRST][BCDEGRST]*\)[ ][ ]*_\([_A-Za-z][_A-Za-z0-9]*\)$/\1 _\2 \2/p' | sed '/ __gnu_lto/d' \> conftest.nm
configure:6048: $? = 0
configure:6114: gcc -o conftest -g -O2   conftest.c conftstm.o >&5
warning: (arm64)  could not find object file symbol for symbol _main
configure:6117: $? = 0
configure:6155: result: ok
configure:6202: checking for sysroot
configure:6232: result: no
configure:6239: checking for a working dd
configure:6277: result: /bin/dd
configure:6281: checking how to truncate binary pipes
configure:6296: result: /bin/dd bs=4096 count=1
configure:6625: checking for mt
configure:6655: result: no
configure:6675: checking if : is a manifest tool
configure:6681: : '-?'
configure:6689: result: no
configure:6745: checking for dsymutil
configure:6761: found /usr/bin/dsymutil
configure:6772: result: dsymutil
configure:6837: checking for nmedit
configure:6853: found /usr/bin/nmedit
configure:6864: result: nmedit
configure:6929: checking for lipo
configure:6945: found /usr/bin/lipo
configure:6956: result: lipo
configure:7021: checking for otool
configure:7037: found /usr/bin/otool
configure:7048: result: otool
configure:7113: checking for otool64
configure:7143: result: no
configure:7188: checking for -single_module linker flag
gcc -g -O2  -o libconftest.dylib -dynamiclib -Wl,-single_module conftest.c
configure:7221: result: yes
configure:7224: checking for -exported_symbols_list linker flag
configure:7244: gcc -o conftest -g -O2   -Wl,-exported_symbols_list,conftest.sym conftest.c  >&5
configure:7244: $? = 0
configure:7254: result: yes
configure:7257: checking for -force_load linker flag
gcc -g -O2 -c -o conftest.o conftest.c
ar cru libconftest.a conftest.o
ranlib libconftest.a
gcc -g -O2  -o conftest conftest.c -Wl,-force_load,./libconftest.a
configure:7289: result: yes
configure:7366: checking how to run the C preprocessor
configure:7397: gcc -E  conftest.c
configure:7397: $? = 0
configure:7411: gcc -E  conftest.c
conftest.c:11:10: fatal error: 'ac_nonexistent.h' file not found
#include <ac_nonexistent.h>
         ^~~~~~~~~~~~~~~~~~
1 error generated.
configure:7411: $? = 1
configure: failed program was:
| /* confdefs.h */
| #define PACKAGE_NAME "chadwick"
| #define PACKAGE_TARNAME "chadwick"
| #define PACKAGE_VERSION "0.7.1"
| #define PACKAGE_STRING "chadwick 0.7.1"
| #define PACKAGE_BUGREPORT ""
| #define PACKAGE_URL ""
| #define PACKAGE "chadwick"
| #define VERSION "0.7.1"
| /* end confdefs.h.  */
| #include <ac_nonexistent.h>
configure:7436: result: gcc -E
configure:7456: gcc -E  conftest.c
configure:7456: $? = 0
configure:7470: gcc -E  conftest.c
conftest.c:11:10: fatal error: 'ac_nonexistent.h' file not found
#include <ac_nonexistent.h>
         ^~~~~~~~~~~~~~~~~~
1 error generated.
configure:7470: $? = 1
configure: failed program was:
| /* confdefs.h */
| #define PACKAGE_NAME "chadwick"
| #define PACKAGE_TARNAME "chadwick"
| #define PACKAGE_VERSION "0.7.1"
| #define PACKAGE_STRING "chadwick 0.7.1"
| #define PACKAGE_BUGREPORT ""
| #define PACKAGE_URL ""
| #define PACKAGE "chadwick"
| #define VERSION "0.7.1"
| /* end confdefs.h.  */
| #include <ac_nonexistent.h>
configure:7499: checking for ANSI C header files
configure:7519: gcc -c -g -O2  conftest.c >&5
configure:7519: $? = 0
configure:7592: gcc -o conftest -g -O2   conftest.c  >&5
configure:7592: $? = 0
configure:7592: ./conftest
configure:7592: $? = 0
configure:7603: result: yes
configure:7616: checking for sys/types.h
configure:7616: gcc -c -g -O2  conftest.c >&5
configure:7616: $? = 0
configure:7616: result: yes
configure:7616: checking for sys/stat.h
configure:7616: gcc -c -g -O2  conftest.c >&5
configure:7616: $? = 0
configure:7616: result: yes
configure:7616: checking for stdlib.h
configure:7616: gcc -c -g -O2  conftest.c >&5
configure:7616: $? = 0
configure:7616: result: yes
configure:7616: checking for string.h
configure:7616: gcc -c -g -O2  conftest.c >&5
configure:7616: $? = 0
configure:7616: result: yes
configure:7616: checking for memory.h
configure:7616: gcc -c -g -O2  conftest.c >&5
configure:7616: $? = 0
configure:7616: result: yes
configure:7616: checking for strings.h
configure:7616: gcc -c -g -O2  conftest.c >&5
configure:7616: $? = 0
configure:7616: result: yes
configure:7616: checking for inttypes.h
configure:7616: gcc -c -g -O2  conftest.c >&5
configure:7616: $? = 0
configure:7616: result: yes
configure:7616: checking for stdint.h
configure:7616: gcc -c -g -O2  conftest.c >&5
configure:7616: $? = 0
configure:7616: result: yes
configure:7616: checking for unistd.h
configure:7616: gcc -c -g -O2  conftest.c >&5
configure:7616: $? = 0
configure:7616: result: yes
configure:7630: checking for dlfcn.h
configure:7630: gcc -c -g -O2  conftest.c >&5
configure:7630: $? = 0
configure:7630: result: yes
configure:7886: checking for objdir
configure:7901: result: .libs
configure:8165: checking if gcc supports -fno-rtti -fno-exceptions
configure:8183: gcc -c -g -O2  -fno-rtti -fno-exceptions conftest.c >&5
configure:8187: $? = 0
configure:8200: result: yes
configure:8558: checking for gcc option to produce PIC
configure:8565: result: -fno-common -DPIC
configure:8573: checking if gcc PIC flag -fno-common -DPIC works
configure:8591: gcc -c -g -O2  -fno-common -DPIC -DPIC conftest.c >&5
configure:8595: $? = 0
configure:8608: result: yes
configure:8637: checking if gcc static flag -static works
configure:8665: result: no
configure:8680: checking if gcc supports -c -o file.o
configure:8701: gcc -c -g -O2  -o out/conftest2.o conftest.c >&5
configure:8705: $? = 0
configure:8727: result: yes
configure:8735: checking if gcc supports -c -o file.o
configure:8782: result: yes
configure:8815: checking whether the gcc linker (/Library/Developer/CommandLineTools/usr/bin/ld) supports shared libraries
configure:10074: result: yes
configure:10314: checking dynamic linker characteristics
configure:11132: result: darwin21.0.1 dyld
configure:11254: checking how to hardcode library paths into programs
configure:11279: result: immediate
configure:11827: checking whether stripping libraries is possible
configure:11841: result: yes
configure:11867: checking if libtool supports shared libraries
configure:11869: result: yes
configure:11872: checking whether to build shared libraries
configure:11897: result: yes
configure:11900: checking whether to build static libraries
configure:11904: result: yes
configure:11943: checking for ANSI C header files
configure:12047: result: yes
configure:12056: checking for struct tm.tm_gmtoff
configure:12056: gcc -c -g -O2  conftest.c >&5
configure:12056: $? = 0
configure:12056: result: yes
configure:12064: checking whether _timezone is declared
configure:12064: gcc -c -g -O2  conftest.c >&5
conftest.c:34:10: error: use of undeclared identifier '_timezone'
  (void) _timezone;
         ^
1 error generated.
configure:12064: $? = 1
configure: failed program was:
| /* confdefs.h */
| #define PACKAGE_NAME "chadwick"
| #define PACKAGE_TARNAME "chadwick"
| #define PACKAGE_VERSION "0.7.1"
| #define PACKAGE_STRING "chadwick 0.7.1"
| #define PACKAGE_BUGREPORT ""
| #define PACKAGE_URL ""
| #define PACKAGE "chadwick"
| #define VERSION "0.7.1"
| #define STDC_HEADERS 1
| #define HAVE_SYS_TYPES_H 1
| #define HAVE_SYS_STAT_H 1
| #define HAVE_STDLIB_H 1
| #define HAVE_STRING_H 1
| #define HAVE_MEMORY_H 1
| #define HAVE_STRINGS_H 1
| #define HAVE_INTTYPES_H 1
| #define HAVE_STDINT_H 1
| #define HAVE_UNISTD_H 1
| #define HAVE_DLFCN_H 1
| #define LT_OBJDIR ".libs/"
| #define STDC_HEADERS 1
| #define HAVE_STRUCT_TM_TM_GMTOFF 1
| /* end confdefs.h.  */
| #include <time.h>
| 
| int
| main ()
| {
| #ifndef _timezone
| #ifdef __cplusplus
|   (void) _timezone;
| #else
|   (void) _timezone;
| #endif
| #endif
| 
|   ;
|   return 0;
| }
configure:12064: result: no
configure:12220: checking that generated files are newer than configure
configure:12226: result: done
configure:12249: creating ./config.status

## ---------------------- ##
## Running config.status. ##
## ---------------------- ##

This file was extended by chadwick config.status 0.7.1, which was
generated by GNU Autoconf 2.69.  Invocation command line was

  CONFIG_FILES    = 
  CONFIG_HEADERS  = 
  CONFIG_LINKS    = 
  CONFIG_COMMANDS = 
  $ ./config.status 

on Benjamins-MacBook-Pro.local

config.status:1006: creating src/cwlib/Makefile
config.status:1006: creating src/cwtools/Makefile
config.status:1006: creating src/Makefile
config.status:1006: creating Makefile
config.status:1178: executing depfiles commands
config.status:1178: executing libtool commands

## ---------------- ##
## Cache variables. ##
## ---------------- ##

ac_cv_build=arm-apple-darwin21.0.1
ac_cv_c_compiler_gnu=yes
ac_cv_env_CC_set=
ac_cv_env_CC_value=
ac_cv_env_CFLAGS_set=
ac_cv_env_CFLAGS_value=
ac_cv_env_CPPFLAGS_set=
ac_cv_env_CPPFLAGS_value=
ac_cv_env_CPP_set=
ac_cv_env_CPP_value=
ac_cv_env_LDFLAGS_set=
ac_cv_env_LDFLAGS_value=
ac_cv_env_LIBS_set=
ac_cv_env_LIBS_value=
ac_cv_env_LT_SYS_LIBRARY_PATH_set=
ac_cv_env_LT_SYS_LIBRARY_PATH_value=
ac_cv_env_build_alias_set=
ac_cv_env_build_alias_value=
ac_cv_env_host_alias_set=
ac_cv_env_host_alias_value=
ac_cv_env_target_alias_set=
ac_cv_env_target_alias_value=
ac_cv_have_decl__timezone=no
ac_cv_header_dlfcn_h=yes
ac_cv_header_inttypes_h=yes
ac_cv_header_memory_h=yes
ac_cv_header_stdc=yes
ac_cv_header_stdint_h=yes
ac_cv_header_stdlib_h=yes
ac_cv_header_string_h=yes
ac_cv_header_strings_h=yes
ac_cv_header_sys_stat_h=yes
ac_cv_header_sys_types_h=yes
ac_cv_header_unistd_h=yes
ac_cv_host=arm-apple-darwin21.0.1
ac_cv_member_struct_tm_tm_gmtoff=yes
ac_cv_objext=o
ac_cv_path_EGREP='/usr/bin/grep -E'
ac_cv_path_FGREP='/usr/bin/grep -F'
ac_cv_path_GREP=/usr/bin/grep
ac_cv_path_SED=/usr/bin/sed
ac_cv_path_install='/opt/homebrew/bin/ginstall -c'
ac_cv_path_lt_DD=/bin/dd
ac_cv_path_mkdir=/opt/homebrew/bin/gmkdir
ac_cv_prog_AWK=awk
ac_cv_prog_CPP='gcc -E'
ac_cv_prog_ac_ct_AR=ar
ac_cv_prog_ac_ct_CC=gcc
ac_cv_prog_ac_ct_DSYMUTIL=dsymutil
ac_cv_prog_ac_ct_LIPO=lipo
ac_cv_prog_ac_ct_NMEDIT=nmedit
ac_cv_prog_ac_ct_OBJDUMP=objdump
ac_cv_prog_ac_ct_OTOOL=otool
ac_cv_prog_ac_ct_RANLIB=ranlib
ac_cv_prog_ac_ct_STRIP=strip
ac_cv_prog_cc_c89=
ac_cv_prog_cc_g=yes
ac_cv_prog_make_make_set=yes
am_cv_CC_dependencies_compiler_type=gcc3
am_cv_make_support_nested_variables=yes
am_cv_prog_cc_c_o=yes
lt_cv_apple_cc_single_mod=yes
lt_cv_ar_at_file=no
lt_cv_deplibs_check_method=pass_all
lt_cv_file_magic_cmd='$MAGIC_CMD'
lt_cv_file_magic_test_file=
lt_cv_ld_exported_symbols_list=yes
lt_cv_ld_force_load=yes
lt_cv_ld_reload_flag=-r
lt_cv_nm_interface='BSD nm'
lt_cv_objdir=.libs
lt_cv_path_LD=/Library/Developer/CommandLineTools/usr/bin/ld
lt_cv_path_NM='/usr/bin/nm -B'
lt_cv_path_mainfest_tool=no
lt_cv_prog_compiler_c_o=yes
lt_cv_prog_compiler_pic='-fno-common -DPIC'
lt_cv_prog_compiler_pic_works=yes
lt_cv_prog_compiler_rtti_exceptions=yes
lt_cv_prog_compiler_static_works=no
lt_cv_prog_gnu_ld=no
lt_cv_sharedlib_from_linklib_cmd='printf %s\n'
lt_cv_sys_global_symbol_pipe='sed -n -e '\''s/^.*[	 ]\([BCDEGRST][BCDEGRST]*\)[	 ][	 ]*_\([_A-Za-z][_A-Za-z0-9]*\)$/\1 _\2 \2/p'\'' | sed '\''/ __gnu_lto/d'\'''
lt_cv_sys_global_symbol_to_c_name_address='sed -n -e '\''s/^: \(.*\) .*$/  {"\1", (void *) 0},/p'\'' -e '\''s/^[BCDEGRST][BCDEGRST]* .* \(.*\)$/  {"\1", (void *) \&\1},/p'\'''
lt_cv_sys_global_symbol_to_c_name_address_lib_prefix='sed -n -e '\''s/^: \(.*\) .*$/  {"\1", (void *) 0},/p'\'' -e '\''s/^[BCDEGRST][BCDEGRST]* .* \(lib.*\)$/  {"\1", (void *) \&\1},/p'\'' -e '\''s/^[BCDEGRST][BCDEGRST]* .* \(.*\)$/  {"lib\1", (void *) \&\1},/p'\'''
lt_cv_sys_global_symbol_to_cdecl='sed -n -e '\''s/^T .* \(.*\)$/extern int \1();/p'\'' -e '\''s/^[BCDEGRST][BCDEGRST]* .* \(.*\)$/extern char \1;/p'\'''
lt_cv_sys_global_symbol_to_import=
lt_cv_sys_max_cmd_len=786432
lt_cv_to_host_file_cmd=func_convert_file_noop
lt_cv_to_tool_file_cmd=func_convert_file_noop
lt_cv_truncate_bin='/bin/dd bs=4096 count=1'

## ----------------- ##
## Output variables. ##
## ----------------- ##

ACLOCAL='aclocal-1.15'
AMDEPBACKSLASH='\'
AMDEP_FALSE='#'
AMDEP_TRUE=''
AMTAR='$${TAR-tar}'
AM_BACKSLASH='\'
AM_DEFAULT_V='$(AM_DEFAULT_VERBOSITY)'
AM_DEFAULT_VERBOSITY='1'
AM_V='$(V)'
AR='ar'
AUTOCONF='autoconf'
AUTOHEADER='autoheader'
AUTOMAKE='automake-1.15'
AWK='awk'
CC='gcc'
CCDEPMODE='depmode=gcc3'
CFLAGS='-g -O2'
CPP='gcc -E'
CPPFLAGS=''
CYGPATH_W='echo'
DEFS='-DPACKAGE_NAME=\"chadwick\" -DPACKAGE_TARNAME=\"chadwick\" -DPACKAGE_VERSION=\"0.7.1\" -DPACKAGE_STRING=\"chadwick\ 0.7.1\" -DPACKAGE_BUGREPORT=\"\" -DPACKAGE_URL=\"\" -DPACKAGE=\"chadwick\" -DVERSION=\"0.7.1\" -DSTDC_HEADERS=1 -DHAVE_SYS_TYPES_H=1 -DHAVE_SYS_STAT_H=1 -DHAVE_STDLIB_H=1 -DHAVE_STRING_H=1 -DHAVE_MEMORY_H=1 -DHAVE_STRINGS_H=1 -DHAVE_INTTYPES_H=1 -DHAVE_STDINT_H=1 -DHAVE_UNISTD_H=1 -DHAVE_DLFCN_H=1 -DLT_OBJDIR=\".libs/\" -DSTDC_HEADERS=1 -DHAVE_STRUCT_TM_TM_GMTOFF=1'
DEPDIR='.deps'
DLLTOOL='false'
DSYMUTIL='dsymutil'
DUMPBIN=''
ECHO_C='\c'
ECHO_N=''
ECHO_T=''
EGREP='/usr/bin/grep -E'
EXEEXT=''
FGREP='/usr/bin/grep -F'
GREP='/usr/bin/grep'
INSTALL_DATA='${INSTALL} -m 644'
INSTALL_PROGRAM='${INSTALL}'
INSTALL_SCRIPT='${INSTALL}'
INSTALL_STRIP_PROGRAM='$(install_sh) -c -s'
LD='/Library/Developer/CommandLineTools/usr/bin/ld'
LDFLAGS=''
LIBOBJS=''
LIBS=''
LIBTOOL='$(SHELL) $(top_builddir)/libtool'
LIPO='lipo'
LN_S='ln -s'
LTLIBOBJS=''
LT_SYS_LIBRARY_PATH=''
MAKEINFO='makeinfo'
MANIFEST_TOOL=':'
MKDIR_P='/opt/homebrew/bin/gmkdir -p'
NM='/usr/bin/nm -B'
NMEDIT='nmedit'
OBJDUMP='objdump'
OBJEXT='o'
OTOOL64=':'
OTOOL='otool'
PACKAGE='chadwick'
PACKAGE_BUGREPORT=''
PACKAGE_NAME='chadwick'
PACKAGE_STRING='chadwick 0.7.1'
PACKAGE_TARNAME='chadwick'
PACKAGE_URL=''
PACKAGE_VERSION='0.7.1'
PATH_SEPARATOR=':'
RANLIB='ranlib'
SED='/usr/bin/sed'
SET_MAKE=''
SHELL='/bin/sh'
STRIP='strip'
VERSION='0.7.1'
ac_ct_AR='ar'
ac_ct_CC='gcc'
ac_ct_DUMPBIN=''
am__EXEEXT_FALSE=''
am__EXEEXT_TRUE='#'
am__fastdepCC_FALSE='#'
am__fastdepCC_TRUE=''
am__include='include'
am__isrc=''
am__leading_dot='.'
am__nodep='_no'
am__quote=''
am__tar='$${TAR-tar} chof - "$$tardir"'
am__untar='$${TAR-tar} xf -'
bindir='${exec_prefix}/bin'
build='arm-apple-darwin21.0.1'
build_alias=''
build_cpu='arm'
build_os='darwin21.0.1'
build_vendor='apple'
datadir='${datarootdir}'
datarootdir='${prefix}/share'
docdir='${datarootdir}/doc/${PACKAGE_TARNAME}'
dvidir='${docdir}'
exec_prefix='${prefix}'
host='arm-apple-darwin21.0.1'
host_alias=''
host_cpu='arm'
host_os='darwin21.0.1'
host_vendor='apple'
htmldir='${docdir}'
includedir='${prefix}/include'
infodir='${datarootdir}/info'
install_sh='${SHELL} /Users/benspotswood/Downloads/chadwick-0.7.1/install-sh'
libdir='${exec_prefix}/lib'
libexecdir='${exec_prefix}/libexec'
localedir='${datarootdir}/locale'
localstatedir='${prefix}/var'
mandir='${datarootdir}/man'
mkdir_p='$(MKDIR_P)'
oldincludedir='/usr/include'
pdfdir='${docdir}'
prefix='/usr/local'
program_transform_name='s,x,x,'
psdir='${docdir}'
sbindir='${exec_prefix}/sbin'
sharedstatedir='${prefix}/com'
sysconfdir='${prefix}/etc'
target_alias=''

## ----------- ##
## confdefs.h. ##
## ----------- ##

/* confdefs.h */
#define PACKAGE_NAME "chadwick"
#define PACKAGE_TARNAME "chadwick"
#define PACKAGE_VERSION "0.7.1"
#define PACKAGE_STRING "chadwick 0.7.1"
#define PACKAGE_BUGREPORT ""
#define PACKAGE_URL ""
#define PACKAGE "chadwick"
#define VERSION "0.7.1"
#define STDC_HEADERS 1
#define HAVE_SYS_TYPES_H 1
#define HAVE_SYS_STAT_H 1
#define HAVE_STDLIB_H 1
#define HAVE_STRING_H 1
#define HAVE_MEMORY_H 1
#define HAVE_STRINGS_H 1
#define HAVE_INTTYPES_H 1
#define HAVE_STDINT_H 1
#define HAVE_UNISTD_H 1
#define HAVE_DLFCN_H 1
#define LT_OBJDIR ".libs/"
#define STDC_HEADERS 1
#define HAVE_STRUCT_TM_TM_GMTOFF 1

configure: exit 0
